 
 1          OPTIONS NONOTES NOSTIMER NOSOURCE NOSYNTAXCHECK;
 68         
 69         %let path = /home/&sysuserid/sasuser.v94/SAS assignment 2;
 70         LIBNAME assign2 "&path" ;
 NOTE: Libref ASSIGN2 refers to the same physical library as ASGN2.
 NOTE: Libref ASSIGN2 was successfully assigned as follows: 
       Engine:        V9 
       Physical Name: /home/u63311582/sasuser.v94/SAS assignment 2
 71         
 72         proc import
 73         datafile = "&path\famafrench.xlsx"
 74         dbms=xlsx
 75         out=assign2.famafrench
 76         replace;
 77         run;
 
 NOTE: The import data set has 1062 observations and 6 variables.
 NOTE: ASSIGN2.FAMAFRENCH data set was successfully created.
 NOTE: PROCEDURE IMPORT used (Total process time):
       real time           0.11 seconds
       user cpu time       0.09 seconds
       system cpu time     0.00 seconds
       memory              3347.56k
       OS Memory           24568.00k
       Timestamp           02/27/2023 10:14:47 PM
       Step Count                        103  Switch Count  3
       Page Faults                       0
       Page Reclaims                     693
       Page Swaps                        0
       Voluntary Context Switches        36
       Involuntary Context Switches      0
       Block Input Operations            0
       Block Output Operations           264
       
 
 78         
 79         data assign2.SMB (Rename=(dateff=date) keep=dateff smb);
 80         set assign2.famafrench;
 81         run;
 
 NOTE: There were 1062 observations read from the data set ASSIGN2.FAMAFRENCH.
 NOTE: The data set ASSIGN2.SMB has 1062 observations and 2 variables.
 NOTE: DATA statement used (Total process time):
       real time           0.01 seconds
       user cpu time       0.01 seconds
       system cpu time     0.00 seconds
       memory              951.81k
       OS Memory           22440.00k
       Timestamp           02/27/2023 10:14:47 PM
       Step Count                        104  Switch Count  3
       Page Faults                       0
       Page Reclaims                     126
       Page Swaps                        0
       Voluntary Context Switches        51
       Involuntary Context Switches      0
       Block Input Operations            288
       Block Output Operations           264
       
 
 82         
 83         data assign2.HML (Rename=(dateff=date) keep=dateff hml);
 84         set assign2.famafrench;
 85         run;
 
 NOTE: There were 1062 observations read from the data set ASSIGN2.FAMAFRENCH.
 NOTE: The data set ASSIGN2.HML has 1062 observations and 2 variables.
 NOTE: DATA statement used (Total process time):
       real time           0.01 seconds
       user cpu time       0.00 seconds
       system cpu time     0.01 seconds
       memory              951.93k
       OS Memory           22440.00k
       Timestamp           02/27/2023 10:14:47 PM
       Step Count                        105  Switch Count  3
       Page Faults                       0
       Page Reclaims                     126
       Page Swaps                        0
       Voluntary Context Switches        43
       Involuntary Context Switches      0
       Block Input Operations            0
       Block Output Operations           264
       
 
 86         data assign2.MKTRF (Rename=(dateff=date) keep=dateff mktrf);
 87         set assign2.famafrench;
 88         run;
 
 NOTE: There were 1062 observations read from the data set ASSIGN2.FAMAFRENCH.
 NOTE: The data set ASSIGN2.MKTRF has 1062 observations and 2 variables.
 NOTE: DATA statement used (Total process time):
       real time           0.01 seconds
       user cpu time       0.00 seconds
       system cpu time     0.00 seconds
       memory              951.93k
       OS Memory           22440.00k
       Timestamp           02/27/2023 10:14:47 PM
       Step Count                        106  Switch Count  3
       Page Faults                       0
       Page Reclaims                     126
       Page Swaps                        0
       Voluntary Context Switches        41
       Involuntary Context Switches      0
       Block Input Operations            0
       Block Output Operations           264
       
 
 89         data assign2.RF (Rename=(dateff=date) keep=dateff rf);
 90         set assign2.famafrench;
 91         run;
 
 NOTE: There were 1062 observations read from the data set ASSIGN2.FAMAFRENCH.
 NOTE: The data set ASSIGN2.RF has 1062 observations and 2 variables.
 NOTE: DATA statement used (Total process time):
       real time           0.01 seconds
       user cpu time       0.00 seconds
       system cpu time     0.00 seconds
       memory              944.68k
       OS Memory           22440.00k
       Timestamp           02/27/2023 10:14:47 PM
       Step Count                        107  Switch Count  3
       Page Faults                       0
       Page Reclaims                     126
       Page Swaps                        0
       Voluntary Context Switches        42
       Involuntary Context Switches      0
       Block Input Operations            0
       Block Output Operations           264
       
 
 92         data assign2.UMD (Rename=(dateff=date) keep=dateff umd);
 93         set assign2.famafrench;
 94         run;
 
 NOTE: There were 1062 observations read from the data set ASSIGN2.FAMAFRENCH.
 NOTE: The data set ASSIGN2.UMD has 1062 observations and 2 variables.
 NOTE: DATA statement used (Total process time):
       real time           0.01 seconds
       user cpu time       0.00 seconds
       system cpu time     0.00 seconds
       memory              959.06k
       OS Memory           22440.00k
       Timestamp           02/27/2023 10:14:47 PM
       Step Count                        108  Switch Count  3
       Page Faults                       0
       Page Reclaims                     126
       Page Swaps                        0
       Voluntary Context Switches        42
       Involuntary Context Switches      0
       Block Input Operations            0
       Block Output Operations           264
       
 
 95         
 96         OPTIONS NONOTES NOSTIMER NOSOURCE NOSYNTAXCHECK;
 106        